[08/31/2016 14:04:09] tlis submitted 2016 with kpm 0 [CORRECT]
08/31/2016 14:04:15 submitted tlis with kpm  [ALREADY SOLVED]
[08/31/2016 14:08:17] tlis submitted 2017 with kpm 0 [CORRECT]
[08/31/2016 14:08:56] tlis1 submitted 2016 with kpm 0 [CORRECT]
[08/31/2016 14:19:18] TeamSupport submitted 121 with kpm 0 [WRONG]
[08/31/2016 14:19:22] TeamSupport submitted 2016 with kpm 1 [CORRECT]
[08/31/2016 14:20:37] TeamSupport submitted 30 with kpm 0 [WRONG]
[08/31/2016 14:20:41] TeamSupport submitted 2016 with kpm 1 [WRONG]
[08/31/2016 14:22:49] test submitted 2016 with kpm 0 [WRONG]
[08/31/2016 14:22:55] test submitted 2017 with kpm 1 [WRONG]
[08/31/2016 14:23:06] test submitted 2017 with kpm 2 [WRONG]
[08/31/2016 14:23:10] test submitted 2016 with kpm 3 [CORRECT]
[08/31/2016 14:23:21] test submitted 2017 with kpm 3 [CORRECT]
[08/31/2016 14:25:14] tlis1 submitted 2017 with kpm 0 [CORRECT]
[08/31/2016 15:02:08] madawg00 submitted  with kpm 0 [WRONG]
[08/31/2016 15:02:14] madawg00 submitted sdasdadas with kpm 1 [WRONG]
[08/31/2016 15:02:22] madawg00 submitted sdasdadas1 with kpm 2 [WRONG]
[08/31/2016 15:02:28] madawg00 submitted test with kpm 3 [WRONG]
[09/01/2016 06:03:26] Register submitted 2016 with kpm 0 [WRONG]
[09/01/2016 06:03:37] Register submitted 2016 with kpm 1 [CORRECT]
[09/02/2016 15:14:27] ly blues submitted ly blues with kpm 0 [WRONG]
