[08/31/2016 14:00:53] TeamSupport registered with hahieu9696@gmail.com
[08/31/2016 14:08:50] tlis1 registered with dsad@gmail.com
[08/31/2016 14:11:29] admin registered with dsdas@gmail.com
[08/31/2016 14:19:50] test registered with jsmj26196@gmail.com
[08/31/2016 14:26:51] Register registered with hoannguyen26196@gmail.com
[08/31/2016 15:01:30] madawg00 registered with Kien.laohha@gmail.com
[09/01/2016 15:44:26] PTTT registered with minkinfc@gmail.com
[09/02/2016 13:37:38] ly blues registered with lovelily1290@gmail.com
[09/03/2016 13:57:20] Valdi registered with bomcon123456@gmail.com
[09/03/2016 13:58:16] Gaben registered with quanle1432@gmal.com
[09/03/2016 14:05:12] Diana registered with rava81oo@gmail.com
[09/03/2016 14:11:25] WeeeeeeW registered with minh.nhat.hoang98@gmail.com
[09/03/2016 15:02:01] x1 registered with aishiteru24198@yahoo.com
[09/03/2016 15:48:55] TeamCuopGiai registered with chungtakhongthuocvenhau@gmail.com
[09/03/2016 15:53:40] Alone registered with choi.kemin97@gmail.com
[09/03/2016 16:32:01] duck lucky registered with ducklucky_hd98@yahoo.com
[09/04/2016 15:46:15] Minkin registered with minkinfc@gmail.com
[09/06/2016 10:31:17] [_] registered with ozykutepro2@gmail.com
[09/07/2016 16:17:02] lastboss registered with giothan263@gmail.com
[09/12/2016 12:20:12] Dota2VN registered with s3phjr0th@gmail.com
[10/07/2016 15:16:48] Dota2VN registered with s3phjr0th@gmail.com
[10/07/2016 15:17:26] Surrender at 20 registered with quanle1432@gmail.com
[10/07/2016 15:17:59] Anon team registered with choi.kemin97@gmail.com
[10/07/2016 15:18:22] Valdi registered with termanteus@gmail.com
[10/07/2016 15:18:51] Vision registered with uchihaeto@gmail.com
[10/07/2016 15:19:15] PTVA registered with nguyenanh.bun@gmail.com
[10/07/2016 15:19:39] white hat registered with chenlongvn2@gmail.com
[10/07/2016 15:20:02] I am DTT registered with dotienthanhdtt@gmail.com
[10/07/2016 15:20:27] VinaChin Cooperation registered with bomcon123456@gmail.com
[10/07/2016 15:20:52] VinaChin registered with ducklucky_hd98@yahoo.com
[10/07/2016 15:21:15] [_] registered with ozykutepro2@gmail.com
[10/07/2016 15:21:38] Standin registered with miico.uno@gmail.com
[10/07/2016 15:41:20] cong registered with nguyencong1892@Gmail.com
[10/07/2016 16:46:36] Lung linh nà nên nuôn registered with mituottayson0308@yahoo.com
[10/07/2016 16:50:16] Dick Dance registered with lyf.nguyen1298@gmail.com
[10/07/2016 16:53:02] hả registered with mailforcn2015@gmail.com
[10/08/2016 04:48:58] qhktoivm registered with sample@email.tst
[10/08/2016 04:52:31] axiterx registered with thaomy0186@yahoo.com
[10/08/2016 06:12:21] hehe123 registered with jjb63563@zasod.com
[10/11/2016 15:32:11] Dota2VN registered with kill3rhn98@gmail.com
[10/11/2016 15:36:40] deptrai registered with deptraiasda@yahoo.com
[10/11/2016 15:40:28] axiterxgla registered with kzsjcgkzljg@yahoo.com
[10/11/2016 15:56:48] hacker registered with asdasdad@yahoo.com
